[2025-07-27 10:57:37] [main] INFO  scripts.LoginTest - đang test với username: 
[2025-07-27 10:57:45] [main] INFO  scripts.LoginTest - đang test với username: 
[2025-07-27 10:57:47] [main] INFO  scripts.LoginTest - Test pass
[2025-07-27 10:57:52] [main] INFO  scripts.LoginTest - đang test với username: 
[2025-07-27 10:57:54] [main] INFO  scripts.LoginTest - Test pass
[2025-07-27 10:57:59] [main] INFO  scripts.LoginTest - đang test với username: 
[2025-07-27 10:58:01] [main] INFO  scripts.LoginTest - Test pass
[2025-07-27 10:59:17] [main] INFO  scripts.LoginTest - đang test với username: 
[2025-07-27 10:59:19] [main] INFO  scripts.LoginTest - Kết quả thực tế: 
[2025-07-27 10:59:25] [main] INFO  scripts.LoginTest - đang test với username: 
[2025-07-27 10:59:27] [main] INFO  scripts.LoginTest - Kết quả thực tế: 
[2025-07-27 10:59:27] [main] INFO  scripts.LoginTest - Test pass
[2025-07-27 10:59:32] [main] INFO  scripts.LoginTest - đang test với username: 
[2025-07-27 10:59:34] [main] INFO  scripts.LoginTest - Kết quả thực tế: 
[2025-07-27 10:59:34] [main] INFO  scripts.LoginTest - Test pass
[2025-07-27 10:59:39] [main] INFO  scripts.LoginTest - đang test với username: 
[2025-07-27 10:59:41] [main] INFO  scripts.LoginTest - Kết quả thực tế: 
[2025-07-27 10:59:41] [main] INFO  scripts.LoginTest - Test pass
[2025-07-27 11:00:29] [main] INFO  scripts.LoginTest - đang test với username: Admin
[2025-07-27 11:00:32] [main] INFO  scripts.LoginTest - Kết quả thực tế: false
[2025-07-27 11:00:37] [main] INFO  scripts.LoginTest - đang test với username: Admin
[2025-07-27 11:00:39] [main] INFO  scripts.LoginTest - Kết quả thực tế: false
[2025-07-27 11:00:39] [main] INFO  scripts.LoginTest - Test pass
[2025-07-27 11:00:44] [main] INFO  scripts.LoginTest - đang test với username: 
[2025-07-27 11:00:46] [main] INFO  scripts.LoginTest - Kết quả thực tế: false
[2025-07-27 11:00:46] [main] INFO  scripts.LoginTest - Test pass
[2025-07-27 11:00:51] [main] INFO  scripts.LoginTest - đang test với username: Admin
[2025-07-27 11:00:53] [main] INFO  scripts.LoginTest - Kết quả thực tế: false
[2025-07-27 11:00:53] [main] INFO  scripts.LoginTest - Test pass
[2025-07-27 11:38:20] [main] INFO  scripts.LoginTest - đang test với username: Admin
[2025-07-27 11:38:22] [main] INFO  scripts.LoginTest - Kết quả thực tế: false
[2025-07-27 11:38:27] [main] INFO  scripts.LoginTest - đang test với username: Admin
[2025-07-27 11:38:30] [main] INFO  scripts.LoginTest - Kết quả thực tế: false
[2025-07-27 11:38:30] [main] INFO  scripts.LoginTest - Test pass
[2025-07-27 11:38:35] [main] INFO  scripts.LoginTest - đang test với username: 
[2025-07-27 11:38:37] [main] INFO  scripts.LoginTest - Kết quả thực tế: false
[2025-07-27 11:38:37] [main] INFO  scripts.LoginTest - Test pass
[2025-07-27 11:38:42] [main] INFO  scripts.LoginTest - đang test với username: Admin
[2025-07-27 11:38:44] [main] INFO  scripts.LoginTest - Kết quả thực tế: false
[2025-07-27 11:38:44] [main] INFO  scripts.LoginTest - Test pass
[2025-07-27 11:42:39] [main] INFO  scripts.LoginTest - đang test với username: Admin
[2025-07-27 11:42:41] [main] INFO  scripts.LoginTest - Kết quả thực tế: false
[2025-07-27 11:42:46] [main] INFO  scripts.LoginTest - đang test với username: Admin
[2025-07-27 11:42:48] [main] INFO  scripts.LoginTest - Kết quả thực tế: false
[2025-07-27 11:42:48] [main] INFO  scripts.LoginTest - Test pass
[2025-07-27 11:42:53] [main] INFO  scripts.LoginTest - đang test với username: 
[2025-07-27 11:42:55] [main] INFO  scripts.LoginTest - Kết quả thực tế: false
[2025-07-27 11:42:55] [main] INFO  scripts.LoginTest - Test pass
[2025-07-27 11:43:00] [main] INFO  scripts.LoginTest - đang test với username: Admin
[2025-07-27 11:43:02] [main] INFO  scripts.LoginTest - Kết quả thực tế: false
[2025-07-27 11:43:02] [main] INFO  scripts.LoginTest - Test pass
[2025-07-27 11:47:18] [main] INFO  scripts.LoginTest - đang test với username: Admin
[2025-07-27 11:47:20] [main] INFO  scripts.LoginTest - Kết quả thực tế: false
[2025-07-27 11:47:25] [main] INFO  scripts.LoginTest - đang test với username: Admin
[2025-07-27 11:47:27] [main] INFO  scripts.LoginTest - Kết quả thực tế: false
[2025-07-27 11:47:27] [main] INFO  scripts.LoginTest - Test pass
[2025-07-27 11:47:32] [main] INFO  scripts.LoginTest - đang test với username: 
[2025-07-27 11:47:34] [main] INFO  scripts.LoginTest - Kết quả thực tế: false
[2025-07-27 11:47:34] [main] INFO  scripts.LoginTest - Test pass
[2025-07-27 11:47:39] [main] INFO  scripts.LoginTest - đang test với username: Admin
[2025-07-27 11:47:41] [main] INFO  scripts.LoginTest - Kết quả thực tế: false
[2025-07-27 11:47:41] [main] INFO  scripts.LoginTest - Test pass
